#
# There is insufficient memory for the Java Runtime Environment to continue.
# Native memory allocation (malloc) failed to allocate 1690096 bytes for Chunk::new
# Possible reasons:
#   The system is out of physical RAM or swap space
#   In 32 bit mode, the process size limit was hit
# Possible solutions:
#   Reduce memory load on the system
#   Increase physical memory or swap space
#   Check if swap backing store is full
#   Use 64 bit Java on a 64 bit OS
#   Decrease Java heap size (-Xmx/-Xms)
#   Decrease number of Java threads
#   Decrease Java thread stack sizes (-Xss)
#   Set larger code cache with -XX:ReservedCodeCacheSize=
# This output file may be truncated or incomplete.
#
#  Out of Memory Error (allocation.cpp:390), pid=7848, tid=5468
#
# JRE version: Java(TM) SE Runtime Environment (8.0_20-b26) (build 1.8.0_20-b26)
# Java VM: Java HotSpot(TM) 64-Bit Server VM (25.20-b23 mixed mode windows-amd64 compressed oops)
# Failed to write core dump. Minidumps are not enabled by default on client versions of Windows
#

---------------  T H R E A D  ---------------

Current thread (0x0000000005dab000):  JavaThread "C2 CompilerThread0" daemon [_thread_in_native, id=5468, stack(0x00000000072c0000,0x00000000073c0000)]

Stack: [0x00000000072c0000,0x00000000073c0000]
Native frames: (J=compiled Java code, j=interpreted, Vv=VM code, C=native code)
V  [jvm.dll+0x3152fa]
V  [jvm.dll+0x265d03]
V  [jvm.dll+0x266943]
V  [jvm.dll+0x25e265]
V  [jvm.dll+0xbe255]
V  [jvm.dll+0xbe6fc]
V  [jvm.dll+0x45c472]
V  [jvm.dll+0x49d76f]
V  [jvm.dll+0x451911]
V  [jvm.dll+0x452634]
V  [jvm.dll+0x435fc2]
V  [jvm.dll+0x97b62]
V  [jvm.dll+0x98353]
V  [jvm.dll+0x22aac4]
V  [jvm.dll+0x283f5a]
C  [msvcr100.dll+0x21d9f]
C  [msvcr100.dll+0x21e3b]
C  [KERNEL32.DLL+0x18102]
C  [ntdll.dll+0x5c2e4]


Current CompileTask:
C2: 236650 7377       4       sun.reflect.generics.parser.SignatureParser::parseTypeSignature (130 bytes)


---------------  P R O C E S S  ---------------

Java Threads: ( => current thread )
  0x000000000bb52800 JavaThread "Stdin handler" [_thread_blocked, id=2976, stack(0x0000000022920000,0x0000000022a20000)]
  0x000000000bb50000 JavaThread "Daemon worker Thread 2" [_thread_in_native, id=7504, stack(0x0000000022820000,0x0000000022920000)]
  0x000000000bb4d000 JavaThread "Cancel handler" [_thread_blocked, id=2716, stack(0x0000000022720000,0x0000000022820000)]
  0x000000000bb4f800 JavaThread "Handler for socket connection from /127.0.0.1:50716 to /127.0.0.1:50950" [_thread_in_native, id=872, stack(0x0000000022620000,0x0000000022720000)]
  0x000000000bb4e800 JavaThread "Daemon Thread 2" [_thread_blocked, id=7944, stack(0x0000000022520000,0x0000000022620000)]
  0x000000000a0fa800 JavaThread "File lock request listener" [_thread_in_native, id=5788, stack(0x000000000bf50000,0x000000000c050000)]
  0x0000000008816000 JavaThread "Incoming local TCP Connector on port 50716" [_thread_in_native, id=3484, stack(0x00000000083c0000,0x00000000084c0000)]
  0x0000000007442000 JavaThread "Service Thread" daemon [_thread_blocked, id=8096, stack(0x00000000079c0000,0x0000000007ac0000)]
  0x00000000073c8000 JavaThread "C1 CompilerThread2" daemon [_thread_in_native, id=5668, stack(0x00000000078c0000,0x00000000079c0000)]
  0x0000000005dad800 JavaThread "C2 CompilerThread1" daemon [_thread_in_native, id=6840, stack(0x00000000077c0000,0x00000000078c0000)]
=>0x0000000005dab000 JavaThread "C2 CompilerThread0" daemon [_thread_in_native, id=5468, stack(0x00000000072c0000,0x00000000073c0000)]
  0x0000000005da9800 JavaThread "Attach Listener" daemon [_thread_blocked, id=7756, stack(0x00000000071c0000,0x00000000072c0000)]
  0x0000000005d5e800 JavaThread "Signal Dispatcher" daemon [_thread_blocked, id=8132, stack(0x00000000070c0000,0x00000000071c0000)]
  0x0000000005d18800 JavaThread "Finalizer" daemon [_thread_blocked, id=1452, stack(0x0000000006fc0000,0x00000000070c0000)]
  0x000000000266f000 JavaThread "Reference Handler" daemon [_thread_blocked, id=4552, stack(0x0000000006ec0000,0x0000000006fc0000)]
  0x0000000002582800 JavaThread "main" [_thread_blocked, id=7724, stack(0x00000000023e0000,0x00000000024e0000)]

Other Threads:
  0x0000000005d15800 VMThread [stack: 0x0000000006dc0000,0x0000000006ec0000] [id=7788]
  0x000000000745d000 WatcherThread [stack: 0x0000000007ac0000,0x0000000007bc0000] [id=7212]

VM state:not at safepoint (normal execution)

VM Mutex/Monitor currently owned by a thread: None

Heap:
 PSYoungGen      total 142848K, used 64372K [0x00000000eab00000, 0x00000000f4700000, 0x0000000100000000)
  eden space 125952K, 51% used [0x00000000eab00000,0x00000000ee9dd318,0x00000000f2600000)
  from space 16896K, 0% used [0x00000000f3680000,0x00000000f3680000,0x00000000f4700000)
  to   space 16896K, 0% used [0x00000000f2600000,0x00000000f2600000,0x00000000f3680000)
 ParOldGen       total 71680K, used 31041K [0x00000000c0000000, 0x00000000c4600000, 0x00000000eab00000)
  object space 71680K, 43% used [0x00000000c0000000,0x00000000c1e50778,0x00000000c4600000)
 Metaspace       used 47419K, capacity 48824K, committed 49024K, reserved 1091584K
  class space    used 6487K, capacity 6768K, committed 6784K, reserved 1048576K

Card table byte_map: [0x0000000002a40000,0x0000000002c50000] byte_map_base: 0x0000000002440000

Marking Bits: (ParMarkBitMap*) 0x000000005978b460
 Begin Bits: [0x00000000031b0000, 0x00000000041b0000)
 End Bits:   [0x00000000041b0000, 0x00000000051b0000)

Polling page: 0x0000000000510000

CodeCache: size=245760Kb used=20989Kb max_used=21039Kb free=224770Kb
 bounds [0x000000000f010000, 0x00000000104c0000, 0x000000001e010000]
 total_blobs=7048 nmethods=6350 adapters=610
 compilation: enabled

Compilation events (10 events):
Event: 236.587 Thread 0x00000000073c8000 7391       3       com.sun.org.apache.xerces.internal.parsers.AbstractSAXParser$AttributesProxy::getType (11 bytes)
Event: 236.587 Thread 0x00000000073c8000 nmethod 7391 0x00000000104a7250 code [0x00000000104a73e0, 0x00000000104a7868]
Event: 236.589 Thread 0x00000000073c8000 7394       1       com.sun.xml.internal.bind.v2.runtime.unmarshaller.ValidatingUnmarshaller::expectText (2 bytes)
Event: 236.589 Thread 0x00000000073c8000 nmethod 7394 0x000000001049d110 code [0x000000001049d260, 0x000000001049d370]
Event: 236.590 Thread 0x00000000073c8000 7397       3       com.sun.org.apache.xerces.internal.jaxp.validation.ValidatorHandlerImpl::fillXMLAttributes2 (78 bytes)
Event: 236.591 Thread 0x00000000073c8000 nmethod 7397 0x000000000f37df50 code [0x000000000f37e140, 0x000000000f37ea58]
Event: 236.592 Thread 0x00000000073c8000 7401       3       com.sun.xml.internal.bind.v2.runtime.unmarshaller.SAXConnector::endElement (82 bytes)
Event: 236.594 Thread 0x00000000073c8000 nmethod 7401 0x000000000f202590 code [0x000000000f2027a0, 0x000000000f2035b8]
Event: 236.595 Thread 0x00000000073c8000 7396   !   3       com.sun.org.apache.xerces.internal.jaxp.validation.ValidatorHandlerImpl::startElement (94 bytes)
Event: 236.596 Thread 0x00000000073c8000 nmethod 7396 0x000000000f584910 code [0x000000000f584b20, 0x000000000f585398]

GC Heap History (10 events):
Event: 30.919 GC heap before
{Heap before GC invocations=17 (full 2):
 PSYoungGen      total 89088K, used 87364K [0x00000000eab00000, 0x00000000f1000000, 0x0000000100000000)
  eden space 80896K, 100% used [0x00000000eab00000,0x00000000efa00000,0x00000000efa00000)
  from space 8192K, 78% used [0x00000000f0800000,0x00000000f0e51280,0x00000000f1000000)
  to   space 11264K, 0% used [0x00000000efa00000,0x00000000efa00000,0x00000000f0500000)
 ParOldGen       total 71680K, used 20089K [0x00000000c0000000, 0x00000000c4600000, 0x00000000eab00000)
  object space 71680K, 28% used [0x00000000c0000000,0x00000000c139e708,0x00000000c4600000)
 Metaspace       used 42523K, capacity 43548K, committed 43776K, reserved 1087488K
  class space    used 5898K, capacity 6079K, committed 6144K, reserved 1048576K
Event: 30.959 GC heap after
Heap after GC invocations=17 (full 2):
 PSYoungGen      total 92160K, used 11259K [0x00000000eab00000, 0x00000000f2f80000, 0x0000000100000000)
  eden space 80896K, 0% used [0x00000000eab00000,0x00000000eab00000,0x00000000efa00000)
  from space 11264K, 99% used [0x00000000efa00000,0x00000000f04fee38,0x00000000f0500000)
  to   space 13312K, 0% used [0x00000000f2280000,0x00000000f2280000,0x00000000f2f80000)
 ParOldGen       total 71680K, used 20754K [0x00000000c0000000, 0x00000000c4600000, 0x00000000eab00000)
  object space 71680K, 28% used [0x00000000c0000000,0x00000000c1444940,0x00000000c4600000)
 Metaspace       used 42523K, capacity 43548K, committed 43776K, reserved 1087488K
  class space    used 5898K, capacity 6079K, committed 6144K, reserved 1048576K
}
Event: 40.356 GC heap before
{Heap before GC invocations=18 (full 2):
 PSYoungGen      total 92160K, used 92155K [0x00000000eab00000, 0x00000000f2f80000, 0x0000000100000000)
  eden space 80896K, 100% used [0x00000000eab00000,0x00000000efa00000,0x00000000efa00000)
  from space 11264K, 99% used [0x00000000efa00000,0x00000000f04fee38,0x00000000f0500000)
  to   space 13312K, 0% used [0x00000000f2280000,0x00000000f2280000,0x00000000f2f80000)
 ParOldGen       total 71680K, used 20754K [0x00000000c0000000, 0x00000000c4600000, 0x00000000eab00000)
  object space 71680K, 28% used [0x00000000c0000000,0x00000000c1444940,0x00000000c4600000)
 Metaspace       used 45974K, capacity 47168K, committed 47360K, reserved 1089536K
  class space    used 6356K, capacity 6623K, committed 6656K, reserved 1048576K
Event: 40.393 GC heap after
Heap after GC invocations=18 (full 2):
 PSYoungGen      total 118784K, used 13281K [0x00000000eab00000, 0x00000000f3380000, 0x0000000100000000)
  eden space 105472K, 0% used [0x00000000eab00000,0x00000000eab00000,0x00000000f1200000)
  from space 13312K, 99% used [0x00000000f2280000,0x00000000f2f78750,0x00000000f2f80000)
  to   space 16896K, 0% used [0x00000000f1200000,0x00000000f1200000,0x00000000f2280000)
 ParOldGen       total 71680K, used 26241K [0x00000000c0000000, 0x00000000c4600000, 0x00000000eab00000)
  object space 71680K, 36% used [0x00000000c0000000,0x00000000c19a05e8,0x00000000c4600000)
 Metaspace       used 45974K, capacity 47168K, committed 47360K, reserved 1089536K
  class space    used 6356K, capacity 6623K, committed 6656K, reserved 1048576K
}
Event: 43.865 GC heap before
{Heap before GC invocations=19 (full 2):
 PSYoungGen      total 118784K, used 118753K [0x00000000eab00000, 0x00000000f3380000, 0x0000000100000000)
  eden space 105472K, 100% used [0x00000000eab00000,0x00000000f1200000,0x00000000f1200000)
  from space 13312K, 99% used [0x00000000f2280000,0x00000000f2f78750,0x00000000f2f80000)
  to   space 16896K, 0% used [0x00000000f1200000,0x00000000f1200000,0x00000000f2280000)
 ParOldGen       total 71680K, used 26241K [0x00000000c0000000, 0x00000000c4600000, 0x00000000eab00000)
  object space 71680K, 36% used [0x00000000c0000000,0x00000000c19a05e8,0x00000000c4600000)
 Metaspace       used 46872K, capacity 48064K, committed 48256K, reserved 1091584K
  class space    used 6446K, capacity 6687K, committed 6784K, reserved 1048576K
Event: 43.896 GC heap after
Heap after GC invocations=19 (full 2):
 PSYoungGen      total 122368K, used 3599K [0x00000000eab00000, 0x00000000f4700000, 0x0000000100000000)
  eden space 105472K, 0% used [0x00000000eab00000,0x00000000eab00000,0x00000000f1200000)
  from space 16896K, 21% used [0x00000000f1200000,0x00000000f1583f68,0x00000000f2280000)
  to   space 16896K, 0% used [0x00000000f3680000,0x00000000f3680000,0x00000000f4700000)
 ParOldGen       total 71680K, used 39187K [0x00000000c0000000, 0x00000000c4600000, 0x00000000eab00000)
  object space 71680K, 54% used [0x00000000c0000000,0x00000000c2644ef0,0x00000000c4600000)
 Metaspace       used 46872K, capacity 48064K, committed 48256K, reserved 1091584K
  class space    used 6446K, capacity 6687K, committed 6784K, reserved 1048576K
}
Event: 43.902 GC heap before
{Heap before GC invocations=20 (full 2):
 PSYoungGen      total 122368K, used 6408K [0x00000000eab00000, 0x00000000f4700000, 0x0000000100000000)
  eden space 105472K, 2% used [0x00000000eab00000,0x00000000eadbe488,0x00000000f1200000)
  from space 16896K, 21% used [0x00000000f1200000,0x00000000f1583f68,0x00000000f2280000)
  to   space 16896K, 0% used [0x00000000f3680000,0x00000000f3680000,0x00000000f4700000)
 ParOldGen       total 71680K, used 39187K [0x00000000c0000000, 0x00000000c4600000, 0x00000000eab00000)
  object space 71680K, 54% used [0x00000000c0000000,0x00000000c2644ef0,0x00000000c4600000)
 Metaspace       used 46874K, capacity 48064K, committed 48256K, reserved 1091584K
  class space    used 6446K, capacity 6687K, committed 6784K, reserved 1048576K
Event: 43.908 GC heap after
Heap after GC invocations=20 (full 2):
 PSYoungGen      total 142848K, used 64K [0x00000000eab00000, 0x00000000f4700000, 0x0000000100000000)
  eden space 125952K, 0% used [0x00000000eab00000,0x00000000eab00000,0x00000000f2600000)
  from space 16896K, 0% used [0x00000000f3680000,0x00000000f3690000,0x00000000f4700000)
  to   space 16896K, 0% used [0x00000000f2600000,0x00000000f2600000,0x00000000f3680000)
 ParOldGen       total 71680K, used 41888K [0x00000000c0000000, 0x00000000c4600000, 0x00000000eab00000)
  object space 71680K, 58% used [0x00000000c0000000,0x00000000c28e81c8,0x00000000c4600000)
 Metaspace       used 46874K, capacity 48064K, committed 48256K, reserved 1091584K
  class space    used 6446K, capacity 6687K, committed 6784K, reserved 1048576K
}
Event: 43.908 GC heap before
{Heap before GC invocations=21 (full 3):
 PSYoungGen      total 142848K, used 64K [0x00000000eab00000, 0x00000000f4700000, 0x0000000100000000)
  eden space 125952K, 0% used [0x00000000eab00000,0x00000000eab00000,0x00000000f2600000)
  from space 16896K, 0% used [0x00000000f3680000,0x00000000f3690000,0x00000000f4700000)
  to   space 16896K, 0% used [0x00000000f2600000,0x00000000f2600000,0x00000000f3680000)
 ParOldGen       total 71680K, used 41888K [0x00000000c0000000, 0x00000000c4600000, 0x00000000eab00000)
  object space 71680K, 58% used [0x00000000c0000000,0x00000000c28e81c8,0x00000000c4600000)
 Metaspace       used 46874K, capacity 48064K, committed 48256K, reserved 1091584K
  class space    used 6446K, capacity 6687K, committed 6784K, reserved 1048576K
Event: 44.362 GC heap after
Heap after GC invocations=21 (full 3):
 PSYoungGen      total 142848K, used 0K [0x00000000eab00000, 0x00000000f4700000, 0x0000000100000000)
  eden space 125952K, 0% used [0x00000000eab00000,0x00000000eab00000,0x00000000f2600000)
  from space 16896K, 0% used [0x00000000f3680000,0x00000000f3680000,0x00000000f4700000)
  to   space 16896K, 0% used [0x00000000f2600000,0x00000000f2600000,0x00000000f3680000)
 ParOldGen       total 71680K, used 31041K [0x00000000c0000000, 0x00000000c4600000, 0x00000000eab00000)
  object space 71680K, 43% used [0x00000000c0000000,0x00000000c1e50778,0x00000000c4600000)
 Metaspace       used 46874K, capacity 48064K, committed 48256K, reserved 1091584K
  class space    used 6446K, capacity 6687K, committed 6784K, reserved 1048576K
}

Deoptimization events (10 events):
Event: 43.797 Thread 0x0000000008854800 Uncommon trap: reason=predicate action=maybe_recompile pc=0x000000001022ac94 method=com.google.common.base.CharMatcher.indexIn(Ljava/lang/CharSequence;I)I @ 22
Event: 43.819 Thread 0x0000000008854800 Uncommon trap: reason=class_check action=maybe_recompile pc=0x000000000f729028 method=java.lang.Throwable.<init>(Ljava/lang/Throwable;)V @ 24
Event: 43.839 Thread 0x0000000008854800 Uncommon trap: reason=bimorphic action=maybe_recompile pc=0x0000000010170c00 method=java.util.HashMap.removeNode(ILjava/lang/Object;Ljava/lang/Object;ZZ)Ljava/util/HashMap$Node; @ 68
Event: 43.848 Thread 0x0000000008854800 Uncommon trap: reason=bimorphic action=maybe_recompile pc=0x0000000010170c00 method=java.util.HashMap.removeNode(ILjava/lang/Object;Ljava/lang/Object;ZZ)Ljava/util/HashMap$Node; @ 68
Event: 233.134 Thread 0x000000000bb50000 Uncommon trap: reason=range_check action=make_not_entrant pc=0x000000001002a118 method=java.lang.String.charAt(I)C @ 27
Event: 233.755 Thread 0x000000000bb50000 Uncommon trap: reason=class_check action=maybe_recompile pc=0x0000000010211fc4 method=com.google.common.cache.LocalCache$Segment.drainRecencyQueue()V @ 4
Event: 233.757 Thread 0x000000000bb50000 Uncommon trap: reason=class_check action=maybe_recompile pc=0x0000000010211fc4 method=com.google.common.cache.LocalCache$Segment.drainRecencyQueue()V @ 4
Event: 233.757 Thread 0x000000000bb50000 Uncommon trap: reason=class_check action=maybe_recompile pc=0x0000000010211fc4 method=com.google.common.cache.LocalCache$Segment.drainRecencyQueue()V @ 4
Event: 233.759 Thread 0x000000000bb50000 Uncommon trap: reason=class_check action=maybe_recompile pc=0x0000000010211fc4 method=com.google.common.cache.LocalCache$Segment.drainRecencyQueue()V @ 4
Event: 236.339 Thread 0x000000000bb50000 Uncommon trap: reason=range_check action=make_not_entrant pc=0x0000000010046df0 method=java.lang.String.charAt(I)C @ 27

Internal exceptions (10 events):
Event: 233.734 Thread 0x000000000bb50000 Exception <a 'java/security/PrivilegedActionException'> (0x00000000eb7d3bc8) thrown at [D:\re\workspace\8-2-build-windows-amd64-cygwin\jdk8u20\1074\hotspot\src\share\vm\prims\jvm.cpp, line 1275]
Event: 233.734 Thread 0x000000000bb50000 Exception <a 'java/security/PrivilegedActionException'> (0x00000000eb7dc368) thrown at [D:\re\workspace\8-2-build-windows-amd64-cygwin\jdk8u20\1074\hotspot\src\share\vm\prims\jvm.cpp, line 1275]
Event: 233.735 Thread 0x000000000bb50000 Exception <a 'java/security/PrivilegedActionException'> (0x00000000eb7e0b08) thrown at [D:\re\workspace\8-2-build-windows-amd64-cygwin\jdk8u20\1074\hotspot\src\share\vm\prims\jvm.cpp, line 1275]
Event: 233.737 Thread 0x000000000bb50000 Exception <a 'java/security/PrivilegedActionException'> (0x00000000eb7e5cd8) thrown at [D:\re\workspace\8-2-build-windows-amd64-cygwin\jdk8u20\1074\hotspot\src\share\vm\prims\jvm.cpp, line 1275]
Event: 233.738 Thread 0x000000000bb50000 Exception <a 'java/security/PrivilegedActionException'> (0x00000000eb7e7168) thrown at [D:\re\workspace\8-2-build-windows-amd64-cygwin\jdk8u20\1074\hotspot\src\share\vm\prims\jvm.cpp, line 1275]
Event: 233.738 Thread 0x000000000bb50000 Exception <a 'java/security/PrivilegedActionException'> (0x00000000eb7f0520) thrown at [D:\re\workspace\8-2-build-windows-amd64-cygwin\jdk8u20\1074\hotspot\src\share\vm\prims\jvm.cpp, line 1275]
Event: 233.745 Thread 0x000000000bb50000 Exception <a 'java/security/PrivilegedActionException'> (0x00000000eb816140) thrown at [D:\re\workspace\8-2-build-windows-amd64-cygwin\jdk8u20\1074\hotspot\src\share\vm\prims\jvm.cpp, line 1275]
Event: 233.748 Thread 0x000000000bb50000 Exception <a 'java/security/PrivilegedActionException'> (0x00000000eb81bb20) thrown at [D:\re\workspace\8-2-build-windows-amd64-cygwin\jdk8u20\1074\hotspot\src\share\vm\prims\jvm.cpp, line 1275]
Event: 233.748 Thread 0x000000000bb50000 Exception <a 'java/security/PrivilegedActionException'> (0x00000000eb81d388) thrown at [D:\re\workspace\8-2-build-windows-amd64-cygwin\jdk8u20\1074\hotspot\src\share\vm\prims\jvm.cpp, line 1275]
Event: 233.748 Thread 0x000000000bb50000 Exception <a 'java/security/PrivilegedActionException'> (0x00000000eb8277c0) thrown at [D:\re\workspace\8-2-build-windows-amd64-cygwin\jdk8u20\1074\hotspot\src\share\vm\prims\jvm.cpp, line 1275]

Events (10 events):
Event: 236.588 Thread 0x00000000073c8000 flushing nmethod 0x000000000f1d4810
Event: 236.588 Thread 0x00000000073c8000 flushing nmethod 0x000000000f1fd590
Event: 236.588 Thread 0x000000000bb50000 DEOPT PACKING pc=0x000000000fedca98 sp=0x000000002291bae0
Event: 236.588 Thread 0x000000000bb50000 DEOPT UNPACKING pc=0x000000000f0575bf sp=0x000000002291b810 mode 0
Event: 236.589 Thread 0x00000000073c8000 flushing nmethod 0x000000000f2a9a90
Event: 236.589 Thread 0x00000000073c8000 flushing nmethod 0x000000000f32bb10
Event: 236.590 Thread 0x00000000073c8000 flushing nmethod 0x000000000f37d990
Event: 236.592 Thread 0x00000000073c8000 flushing nmethod 0x000000000f471590
Event: 236.595 Thread 0x00000000073c8000 flushing nmethod 0x000000000f581c10
Event: 236.595 Thread 0x00000000073c8000 flushing nmethod 0x000000000f582390


Dynamic libraries:
0x00007ff6a9f40000 - 0x00007ff6a9f74000 	C:\Program Files\Java\jdk1.8.0_20\bin\java.exe
0x00007ffd11770000 - 0x00007ffd11931000 	C:\WINDOWS\SYSTEM32\ntdll.dll
0x00007ffd0ebc0000 - 0x00007ffd0ec6d000 	C:\WINDOWS\system32\KERNEL32.DLL
0x00007ffd0df80000 - 0x00007ffd0e168000 	C:\WINDOWS\system32\KERNELBASE.dll
0x00007ffd0f9d0000 - 0x00007ffd0fa77000 	C:\WINDOWS\system32\ADVAPI32.dll
0x00007ffd11670000 - 0x00007ffd1170d000 	C:\WINDOWS\system32\msvcrt.dll
0x00007ffd11710000 - 0x00007ffd1176b000 	C:\WINDOWS\system32\sechost.dll
0x00007ffd0f6c0000 - 0x00007ffd0f7dc000 	C:\WINDOWS\system32\RPCRT4.dll
0x00007ffd11510000 - 0x00007ffd11666000 	C:\WINDOWS\system32\USER32.dll
0x00007ffd0e9b0000 - 0x00007ffd0eb36000 	C:\WINDOWS\system32\GDI32.dll
0x00007ffd09120000 - 0x00007ffd09394000 	C:\WINDOWS\WinSxS\amd64_microsoft.windows.common-controls_6595b64144ccf1df_6.0.10586.0_none_8c15ae12515e1c22\COMCTL32.dll
0x00007ffd10ff0000 - 0x00007ffd1126d000 	C:\WINDOWS\system32\combase.dll
0x00007ffd0df00000 - 0x00007ffd0df6a000 	C:\WINDOWS\system32\bcryptPrimitives.dll
0x00007ffd0f680000 - 0x00007ffd0f6bb000 	C:\WINDOWS\system32\IMM32.DLL
0x00007ffd0da50000 - 0x00007ffd0da81000 	C:\Windows\system32\nvinitx.dll
0x00007ffd0da40000 - 0x00007ffd0da4a000 	C:\WINDOWS\SYSTEM32\VERSION.dll
0x000000000f000000 - 0x000000000f006000 	C:\Program Files\NVIDIA Corporation\CoProcManager\_etoured.dll
0x00007ffd0bcb0000 - 0x00007ffd0bce3000 	C:\Program Files\NVIDIA Corporation\CoProcManager\nvd3d9wrapx.dll
0x00007ffd0ec80000 - 0x00007ffd0f0a9000 	C:\WINDOWS\system32\SETUPAPI.dll
0x00007ffd0dbd0000 - 0x00007ffd0dc13000 	C:\WINDOWS\system32\CFGMGR32.dll
0x00007ffd0bad0000 - 0x00007ffd0baf2000 	C:\Program Files\NVIDIA Corporation\CoProcManager\nvdxgiwrapx.dll
0x0000000058c40000 - 0x0000000058d12000 	C:\Program Files\Java\jdk1.8.0_20\jre\bin\msvcr100.dll
0x0000000058fb0000 - 0x0000000059808000 	C:\Program Files\Java\jdk1.8.0_20\jre\bin\server\jvm.dll
0x00007ffd0e230000 - 0x00007ffd0e253000 	C:\WINDOWS\system32\WINMM.dll
0x00007ffd0db90000 - 0x00007ffd0dbbc000 	C:\WINDOWS\system32\WINMMBASE.dll
0x00007ffd10fe0000 - 0x00007ffd10fe8000 	C:\WINDOWS\system32\PSAPI.DLL
0x00007ffd01a50000 - 0x00007ffd01a59000 	C:\WINDOWS\SYSTEM32\WSOCK32.dll
0x00007ffd0f5f0000 - 0x00007ffd0f65b000 	C:\WINDOWS\system32\WS2_32.dll
0x0000000059ac0000 - 0x0000000059acf000 	C:\Program Files\Java\jdk1.8.0_20\jre\bin\verify.dll
0x0000000059a90000 - 0x0000000059ab8000 	C:\Program Files\Java\jdk1.8.0_20\jre\bin\java.dll
0x0000000059a70000 - 0x0000000059a86000 	C:\Program Files\Java\jdk1.8.0_20\jre\bin\zip.dll
0x00007ffd0fa80000 - 0x00007ffd10fdf000 	C:\WINDOWS\system32\SHELL32.dll
0x00007ffd0e280000 - 0x00007ffd0e8c4000 	C:\WINDOWS\system32\windows.storage.dll
0x00007ffd0eb60000 - 0x00007ffd0ebb2000 	C:\WINDOWS\system32\shlwapi.dll
0x00007ffd0db80000 - 0x00007ffd0db8f000 	C:\WINDOWS\system32\kernel.appcore.dll
0x00007ffd0e170000 - 0x00007ffd0e225000 	C:\WINDOWS\system32\shcore.dll
0x00007ffd0e8d0000 - 0x00007ffd0e91b000 	C:\WINDOWS\system32\powrprof.dll
0x00007ffd0db60000 - 0x00007ffd0db74000 	C:\WINDOWS\system32\profapi.dll
0x0000000059a50000 - 0x0000000059a6a000 	C:\Program Files\Java\jdk1.8.0_20\jre\bin\net.dll
0x00007ffd0d3e0000 - 0x00007ffd0d43c000 	C:\WINDOWS\system32\mswsock.dll
0x0000000059a30000 - 0x0000000059a41000 	C:\Program Files\Java\jdk1.8.0_20\jre\bin\nio.dll
0x00007ffd02170000 - 0x00007ffd02182000 	C:\Users\LoveLoliii\.gradle\native\19\windows-amd64\native-platform.dll
0x00007ffd0aeb0000 - 0x00007ffd0aee8000 	C:\WINDOWS\SYSTEM32\IPHLPAPI.DLL
0x00007ffd0ec70000 - 0x00007ffd0ec78000 	C:\WINDOWS\system32\NSI.dll
0x00007ffd0a1d0000 - 0x00007ffd0a1e6000 	C:\WINDOWS\SYSTEM32\dhcpcsvc6.DLL
0x00007ffd0a020000 - 0x00007ffd0a03a000 	C:\WINDOWS\SYSTEM32\dhcpcsvc.DLL
0x00007ffd0d490000 - 0x00007ffd0d4a7000 	C:\WINDOWS\SYSTEM32\CRYPTSP.dll
0x00007ffd0d120000 - 0x00007ffd0d154000 	C:\WINDOWS\system32\rsaenh.dll
0x00007ffd0da90000 - 0x00007ffd0dab9000 	C:\WINDOWS\SYSTEM32\bcrypt.dll
0x00007ffd0d270000 - 0x00007ffd0d28f000 	C:\WINDOWS\SYSTEM32\USERENV.dll
0x00007ffd0d5b0000 - 0x00007ffd0d5bb000 	C:\WINDOWS\SYSTEM32\CRYPTBASE.dll
0x00000000599d0000 - 0x00000000599dd000 	C:\Program Files\Java\jdk1.8.0_20\jre\bin\management.dll
0x00007ffd0a040000 - 0x00007ffd0a1cc000 	C:\WINDOWS\SYSTEM32\dbghelp.dll

VM Arguments:
jvm_args: -XX:MaxPermSize=256m -XX:+HeapDumpOnOutOfMemoryError -Xmx1024m -Dfile.encoding=GBK -Duser.country=CN -Duser.language=zh -Duser.variant 
java_command: org.gradle.launcher.daemon.bootstrap.GradleDaemon 2.10
java_class_path (initial): E:\Program Files\Android\android-studio\gradle\gradle-2.10\lib\gradle-launcher-2.10.jar
Launcher Type: SUN_STANDARD

Environment Variables:
JAVA_HOME=C:\Program Files\Java\jdk1.8.0_20
PATH=C:\ProgramData\Oracle\Java\javapath;C:\Windows\system32;C:\Windows;C:\Windows\System32\Wbem;C:\Windows\System32\WindowsPowerShell\v1.0\;C:\Program Files\Intel\Intel(R) Management Engine Components\DAL;C:\Program Files\Intel\Intel(R) Management Engine Components\IPT;C:\Program Files (x86)\Intel\Intel(R) Management Engine Components\DAL;C:\Program Files (x86)\Intel\Intel(R) Management Engine Components\IPT;E:\Program Files\Calibre2\;E:\Program Files\MySQL\MySQL Server 5.5\bin;C:\Program Files\Java\jdk1.8.0_20\lib;C:\Program Files (x86)\NVIDIA Corporation\PhysX\Common;C:\WINDOWS\system32;C:\WINDOWS;C:\WINDOWS\System32\Wbem;C:\WINDOWS\System32\WindowsPowerShell\v1.0\;C:\Program Files (x86)\GtkSharp\2.12\bin;C:\Program Files (x86)\Microsoft SDKs\TypeScript\1.0\;C:\Program Files\Microsoft SQL Server\Client SDK\ODBC\110\Tools\Binn\;C:\Program Files (x86)\Microsoft SQL Server\120\Tools\Binn\;C:\Program Files\Microsoft SQL Server\120\Tools\Binn\;C:\Program Files\Microsoft SQL Server\120\DTS\Binn\;C:\Program Files (x86)\Microsoft SQL Server\120\Tools\Binn\ManagementStudio\;C:\Program Files (x86)\Microsoft SQL Server\120\DTS\Binn\;C:\Program Files (x86)\nodejs\;C:\Program Files (x86)\Windows Kits\10\Windows Performance Toolkit\;C:\Users\LoveLoliii\Downloads\ImageCreator2.608\;E:\Program Files\Bandizip\7z;C:\Users\LoveLoliii\AppData\Roaming\npm
USERNAME=LoveLoliii
OS=Windows_NT
PROCESSOR_IDENTIFIER=Intel64 Family 6 Model 42 Stepping 7, GenuineIntel



---------------  S Y S T E M  ---------------

OS: Windows 8.1 , 64 bit Build 9600 

CPU:total 4 (2 cores per cpu, 2 threads per core) family 6 model 42 stepping 7, cmov, cx8, fxsr, mmx, sse, sse2, sse3, ssse3, sse4.1, sse4.2, popcnt, avx, clmul, ht, tsc, tscinvbit

Memory: 4k page, physical 6065696k(903464k free), swap 6065696k(4156k free)

vm_info: Java HotSpot(TM) 64-Bit Server VM (25.20-b23) for windows-amd64 JRE (1.8.0_20-b26), built on Jul 30 2014 13:51:23 by "java_re" with MS VC++ 10.0 (VS2010)

time: Tue Feb 09 20:20:40 2016
elapsed time: 236 seconds (0d 0h 3m 56s)

