#
# There is insufficient memory for the Java Runtime Environment to continue.
# Native memory allocation (malloc) failed to allocate 1048576 bytes for AllocateHeap
# Possible reasons:
#   The system is out of physical RAM or swap space
#   In 32 bit mode, the process size limit was hit
# Possible solutions:
#   Reduce memory load on the system
#   Increase physical memory or swap space
#   Check if swap backing store is full
#   Use 64 bit Java on a 64 bit OS
#   Decrease Java heap size (-Xmx/-Xms)
#   Decrease number of Java threads
#   Decrease Java thread stack sizes (-Xss)
#   Set larger code cache with -XX:ReservedCodeCacheSize=
# This output file may be truncated or incomplete.
#
#  Out of Memory Error (memory/allocation.inline.hpp:62), pid=7916, tid=6024
#
# JRE version:  (8.0_20-b26) (build )
# Java VM: Java HotSpot(TM) 64-Bit Server VM (25.20-b23 mixed mode windows-amd64 compressed oops)
# Failed to write core dump. Minidumps are not enabled by default on client versions of Windows
#

---------------  T H R E A D  ---------------

Current thread (0x000000000051e000):  JavaThread "Unknown thread" [_thread_in_vm, id=6024, stack(0x0000000001f90000,0x0000000002090000)]

Stack: [0x0000000001f90000,0x0000000002090000]
Native frames: (J=compiled Java code, j=interpreted, Vv=VM code, C=native code)
V  [jvm.dll+0x3152fa]


---------------  P R O C E S S  ---------------

Java Threads: ( => current thread )

Other Threads:

=>0x000000000051e000 (exited) JavaThread "Unknown thread" [_thread_in_vm, id=6024, stack(0x0000000001f90000,0x0000000002090000)]

VM state:not at safepoint (normal execution)

VM Mutex/Monitor currently owned by a thread: None

Heap:
 PSYoungGen      total 28160K, used 491K [0x00000000eab00000, 0x00000000eca00000, 0x0000000100000000)
  eden space 24576K, 2% used [0x00000000eab00000,0x00000000eab7ae20,0x00000000ec300000)
  from space 3584K, 0% used [0x00000000ec680000,0x00000000ec680000,0x00000000eca00000)
  to   space 3584K, 0% used [0x00000000ec300000,0x00000000ec300000,0x00000000ec680000)
 ParOldGen       total 64512K, used 0K [0x00000000c0000000, 0x00000000c3f00000, 0x00000000eab00000)
  object space 64512K, 0% used [0x00000000c0000000,0x00000000c0000000,0x00000000c3f00000)
 Metaspace       used 675K, capacity 1028K, committed 1152K, reserved 1060864K
  class space    used 66K, capacity 384K, committed 384K, reserved 1048576K

Card table byte_map: [0x00000000028e0000,0x0000000002af0000] byte_map_base: 0x00000000022e0000

Marking Bits: (ParMarkBitMap*) 0x000000005978b460
 Begin Bits: [0x0000000003050000, 0x0000000004050000)
 End Bits:   [0x0000000004050000, 0x0000000005050000)

Polling page: 0x0000000000500000

CodeCache: size=245760Kb used=327Kb max_used=327Kb free=245432Kb
 bounds [0x000000000f010000, 0x000000000f280000, 0x000000001e010000]
 total_blobs=56 nmethods=0 adapters=37
 compilation: enabled

Compilation events (0 events):
No events

GC Heap History (0 events):
No events

Deoptimization events (0 events):
No events

Internal exceptions (0 events):
No events

Events (10 events):
Event: 0.307 loading class java/lang/Short
Event: 0.307 loading class java/lang/Short done
Event: 0.307 loading class java/lang/Integer
Event: 0.308 loading class java/lang/Integer done
Event: 0.308 loading class java/lang/Long
Event: 0.308 loading class java/lang/Long done
Event: 0.309 loading class java/lang/NullPointerException
Event: 0.309 loading class java/lang/NullPointerException done
Event: 0.310 loading class java/lang/ArithmeticException
Event: 0.310 loading class java/lang/ArithmeticException done


Dynamic libraries:
0x00007ff6a9f40000 - 0x00007ff6a9f74000 	C:\Program Files\Java\jdk1.8.0_20\bin\java.exe
0x00007ffd11770000 - 0x00007ffd11931000 	C:\WINDOWS\SYSTEM32\ntdll.dll
0x00007ffd0ebc0000 - 0x00007ffd0ec6d000 	C:\WINDOWS\system32\KERNEL32.DLL
0x00007ffd0df80000 - 0x00007ffd0e168000 	C:\WINDOWS\system32\KERNELBASE.dll
0x00007ffd0f9d0000 - 0x00007ffd0fa77000 	C:\WINDOWS\system32\ADVAPI32.dll
0x00007ffd11670000 - 0x00007ffd1170d000 	C:\WINDOWS\system32\msvcrt.dll
0x00007ffd11710000 - 0x00007ffd1176b000 	C:\WINDOWS\system32\sechost.dll
0x00007ffd0f6c0000 - 0x00007ffd0f7dc000 	C:\WINDOWS\system32\RPCRT4.dll
0x00007ffd11510000 - 0x00007ffd11666000 	C:\WINDOWS\system32\USER32.dll
0x00007ffd0e9b0000 - 0x00007ffd0eb36000 	C:\WINDOWS\system32\GDI32.dll
0x00007ffd09120000 - 0x00007ffd09394000 	C:\WINDOWS\WinSxS\amd64_microsoft.windows.common-controls_6595b64144ccf1df_6.0.10586.0_none_8c15ae12515e1c22\COMCTL32.dll
0x00007ffd10ff0000 - 0x00007ffd1126d000 	C:\WINDOWS\system32\combase.dll
0x00007ffd0df00000 - 0x00007ffd0df6a000 	C:\WINDOWS\system32\bcryptPrimitives.dll
0x00007ffd0f680000 - 0x00007ffd0f6bb000 	C:\WINDOWS\system32\IMM32.DLL
0x00007ffd0da50000 - 0x00007ffd0da81000 	C:\Windows\system32\nvinitx.dll
0x00007ffd0da40000 - 0x00007ffd0da4a000 	C:\WINDOWS\SYSTEM32\VERSION.dll
0x000000000f000000 - 0x000000000f006000 	C:\Program Files\NVIDIA Corporation\CoProcManager\_etoured.dll
0x00007ffd0bcb0000 - 0x00007ffd0bce3000 	C:\Program Files\NVIDIA Corporation\CoProcManager\nvd3d9wrapx.dll
0x00007ffd0ec80000 - 0x00007ffd0f0a9000 	C:\WINDOWS\system32\SETUPAPI.dll
0x00007ffd0dbd0000 - 0x00007ffd0dc13000 	C:\WINDOWS\system32\CFGMGR32.dll
0x00007ffd0bad0000 - 0x00007ffd0baf2000 	C:\Program Files\NVIDIA Corporation\CoProcManager\nvdxgiwrapx.dll
0x0000000058c40000 - 0x0000000058d12000 	C:\Program Files\Java\jdk1.8.0_20\jre\bin\msvcr100.dll
0x0000000058fb0000 - 0x0000000059808000 	C:\Program Files\Java\jdk1.8.0_20\jre\bin\server\jvm.dll
0x00007ffd0e230000 - 0x00007ffd0e253000 	C:\WINDOWS\system32\WINMM.dll
0x00007ffd0db90000 - 0x00007ffd0dbbc000 	C:\WINDOWS\system32\WINMMBASE.dll
0x00007ffd10fe0000 - 0x00007ffd10fe8000 	C:\WINDOWS\system32\PSAPI.DLL
0x00007ffd01a50000 - 0x00007ffd01a59000 	C:\WINDOWS\SYSTEM32\WSOCK32.dll
0x00007ffd0f5f0000 - 0x00007ffd0f65b000 	C:\WINDOWS\system32\WS2_32.dll
0x0000000059ac0000 - 0x0000000059acf000 	C:\Program Files\Java\jdk1.8.0_20\jre\bin\verify.dll
0x0000000059a90000 - 0x0000000059ab8000 	C:\Program Files\Java\jdk1.8.0_20\jre\bin\java.dll
0x0000000059a70000 - 0x0000000059a86000 	C:\Program Files\Java\jdk1.8.0_20\jre\bin\zip.dll
0x00007ffd0a040000 - 0x00007ffd0a1cc000 	C:\WINDOWS\SYSTEM32\dbghelp.dll

VM Arguments:
jvm_args: -Djava.awt.headless=true -Xmx1024M -Dfile.encoding=GBK -Duser.country=CN -Duser.language=zh -Duser.variant 
java_command: com.android.dx.command.Main --dex --num-threads=4 --multi-dex --output F:\Develop\AndroidStudioProjects\PMA_2016_2_9_2\app\build\intermediates\transforms\dex\debug\folders\1000\5\slice_1_bdc5689f1cf89ab55722a71fef9e319d90a2ae94 F:\Develop\AndroidStudioProjects\PMA_2016_2_9_2\app\build\intermediates\transforms\instantRunSlicer\debug\folders\1\5\slice_1
java_class_path (initial): E:\Android\sdk\build-tools\23.0.1\lib\dx.jar
Launcher Type: SUN_STANDARD

Environment Variables:
JAVA_HOME=C:\Program Files\Java\jdk1.8.0_20
PATH=C:\ProgramData\Oracle\Java\javapath;C:\Windows\system32;C:\Windows;C:\Windows\System32\Wbem;C:\Windows\System32\WindowsPowerShell\v1.0\;C:\Program Files\Intel\Intel(R) Management Engine Components\DAL;C:\Program Files\Intel\Intel(R) Management Engine Components\IPT;C:\Program Files (x86)\Intel\Intel(R) Management Engine Components\DAL;C:\Program Files (x86)\Intel\Intel(R) Management Engine Components\IPT;E:\Program Files\Calibre2\;E:\Program Files\MySQL\MySQL Server 5.5\bin;C:\Program Files\Java\jdk1.8.0_20\lib;C:\Program Files (x86)\NVIDIA Corporation\PhysX\Common;C:\WINDOWS\system32;C:\WINDOWS;C:\WINDOWS\System32\Wbem;C:\WINDOWS\System32\WindowsPowerShell\v1.0\;C:\Program Files (x86)\GtkSharp\2.12\bin;C:\Program Files (x86)\Microsoft SDKs\TypeScript\1.0\;C:\Program Files\Microsoft SQL Server\Client SDK\ODBC\110\Tools\Binn\;C:\Program Files (x86)\Microsoft SQL Server\120\Tools\Binn\;C:\Program Files\Microsoft SQL Server\120\Tools\Binn\;C:\Program Files\Microsoft SQL Server\120\DTS\Binn\;C:\Program Files (x86)\Microsoft SQL Server\120\Tools\Binn\ManagementStudio\;C:\Program Files (x86)\Microsoft SQL Server\120\DTS\Binn\;C:\Program Files (x86)\nodejs\;C:\Program Files (x86)\Windows Kits\10\Windows Performance Toolkit\;C:\Users\LoveLoliii\Downloads\ImageCreator2.608\;E:\Program Files\Bandizip\7z;C:\Users\LoveLoliii\AppData\Roaming\npm
USERNAME=LoveLoliii
OS=Windows_NT
PROCESSOR_IDENTIFIER=Intel64 Family 6 Model 42 Stepping 7, GenuineIntel



---------------  S Y S T E M  ---------------

OS: Windows 8.1 , 64 bit Build 9600 

CPU:total 4 (2 cores per cpu, 2 threads per core) family 6 model 42 stepping 7, cmov, cx8, fxsr, mmx, sse, sse2, sse3, ssse3, sse4.1, sse4.2, popcnt, avx, clmul, ht, tsc, tscinvbit

Memory: 4k page, physical 6065696k(981900k free), swap 6065696k(148900k free)

vm_info: Java HotSpot(TM) 64-Bit Server VM (25.20-b23) for windows-amd64 JRE (1.8.0_20-b26), built on Jul 30 2014 13:51:23 by "java_re" with MS VC++ 10.0 (VS2010)

time: Tue Feb 09 20:07:03 2016
elapsed time: 0 seconds (0d 0h 0m 0s)

