#
# There is insufficient memory for the Java Runtime Environment to continue.
# Native memory allocation (malloc) failed to allocate 32744 bytes for ChunkPool::allocate
# Possible reasons:
#   The system is out of physical RAM or swap space
#   In 32 bit mode, the process size limit was hit
# Possible solutions:
#   Reduce memory load on the system
#   Increase physical memory or swap space
#   Check if swap backing store is full
#   Use 64 bit Java on a 64 bit OS
#   Decrease Java heap size (-Xmx/-Xms)
#   Decrease number of Java threads
#   Decrease Java thread stack sizes (-Xss)
#   Set larger code cache with -XX:ReservedCodeCacheSize=
# This output file may be truncated or incomplete.
#
#  Out of Memory Error (allocation.cpp:273), pid=6912, tid=5888
#
# JRE version: Java(TM) SE Runtime Environment (8.0_20-b26) (build 1.8.0_20-b26)
# Java VM: Java HotSpot(TM) 64-Bit Server VM (25.20-b23 mixed mode windows-amd64 compressed oops)
# Failed to write core dump. Minidumps are not enabled by default on client versions of Windows
#

---------------  T H R E A D  ---------------

Current thread (0x0000000005dcb000):  JavaThread "C2 CompilerThread0" daemon [_thread_in_native, id=5888, stack(0x00000000072c0000,0x00000000073c0000)]

Stack: [0x00000000072c0000,0x00000000073c0000]
Native frames: (J=compiled Java code, j=interpreted, Vv=VM code, C=native code)
V  [jvm.dll+0x3152fa]


Current CompileTask:
C2:   4110  171       4       com.android.dx.util.ByteArray::checkOffsets (66 bytes)


---------------  P R O C E S S  ---------------

Java Threads: ( => current thread )
  0x000000000754d800 JavaThread "pool-2-thread-2" [_thread_blocked, id=7592, stack(0x0000000007dc0000,0x0000000007ec0000)]
  0x000000000753b000 JavaThread "pool-3-thread-1" [_thread_blocked, id=7996, stack(0x0000000007cc0000,0x0000000007dc0000)]
  0x0000000007538000 JavaThread "pool-2-thread-1" [_thread_in_vm, id=4684, stack(0x0000000007bc0000,0x0000000007cc0000)]
  0x000000000743a800 JavaThread "Service Thread" daemon [_thread_blocked, id=5652, stack(0x00000000079c0000,0x0000000007ac0000)]
  0x00000000073c8000 JavaThread "C1 CompilerThread2" daemon [_thread_in_native, id=5348, stack(0x00000000078c0000,0x00000000079c0000)]
  0x0000000005dce000 JavaThread "C2 CompilerThread1" daemon [_thread_blocked, id=4780, stack(0x00000000077c0000,0x00000000078c0000)]
=>0x0000000005dcb000 JavaThread "C2 CompilerThread0" daemon [_thread_in_native, id=5888, stack(0x00000000072c0000,0x00000000073c0000)]
  0x0000000005d7f800 JavaThread "Attach Listener" daemon [_thread_blocked, id=3604, stack(0x00000000071c0000,0x00000000072c0000)]
  0x0000000005d67800 JavaThread "Signal Dispatcher" daemon [_thread_blocked, id=2912, stack(0x00000000070c0000,0x00000000071c0000)]
  0x000000000268f000 JavaThread "Finalizer" daemon [_thread_blocked, id=4072, stack(0x0000000006fc0000,0x00000000070c0000)]
  0x0000000005d38000 JavaThread "Reference Handler" daemon [_thread_blocked, id=7196, stack(0x0000000006ec0000,0x0000000006fc0000)]
  0x000000000259e000 JavaThread "main" [_thread_in_Java, id=6404, stack(0x00000000023d0000,0x00000000024d0000)]

Other Threads:
  0x0000000005d37000 VMThread [stack: 0x0000000006dc0000,0x0000000006ec0000] [id=4380]
  0x0000000007457800 WatcherThread [stack: 0x0000000007ac0000,0x0000000007bc0000] [id=5584]

VM state:not at safepoint (normal execution)

VM Mutex/Monitor currently owned by a thread: None

Heap:
 PSYoungGen      total 28160K, used 5905K [0x00000000eab00000, 0x00000000eca00000, 0x0000000100000000)
  eden space 24576K, 24% used [0x00000000eab00000,0x00000000eb0c4738,0x00000000ec300000)
  from space 3584K, 0% used [0x00000000ec680000,0x00000000ec680000,0x00000000eca00000)
  to   space 3584K, 0% used [0x00000000ec300000,0x00000000ec300000,0x00000000ec680000)
 ParOldGen       total 64512K, used 0K [0x00000000c0000000, 0x00000000c3f00000, 0x00000000eab00000)
  object space 64512K, 0% used [0x00000000c0000000,0x00000000c0000000,0x00000000c3f00000)
 Metaspace       used 3817K, capacity 5104K, committed 5376K, reserved 1056768K
  class space    used 432K, capacity 488K, committed 512K, reserved 1048576K

Card table byte_map: [0x0000000002a60000,0x0000000002c70000] byte_map_base: 0x0000000002460000

Marking Bits: (ParMarkBitMap*) 0x000000005978b460
 Begin Bits: [0x00000000031d0000, 0x00000000041d0000)
 End Bits:   [0x00000000041d0000, 0x00000000051d0000)

Polling page: 0x00000000001f0000

CodeCache: size=245760Kb used=1375Kb max_used=1386Kb free=244384Kb
 bounds [0x000000000f010000, 0x000000000f280000, 0x000000001e010000]
 total_blobs=416 nmethods=162 adapters=168
 compilation: enabled

Compilation events (10 events):
Event: 4.084 Thread 0x00000000073c8000  158       3       java.util.WeakHashMap::indexFor (6 bytes)
Event: 4.084 Thread 0x00000000073c8000 nmethod 158 0x000000000f165750 code [0x000000000f1658a0, 0x000000000f1659d0]
Event: 4.084 Thread 0x00000000073c8000  159       3       java.nio.charset.CharsetEncoder::maxBytesPerChar (5 bytes)
Event: 4.084 Thread 0x00000000073c8000 nmethod 159 0x000000000f165a50 code [0x000000000f165ba0, 0x000000000f165cf0]
Event: 4.084 Thread 0x00000000073c8000  160   !   3       java.util.zip.InflaterInputStream::read (138 bytes)
Event: 4.086 Thread 0x00000000073c8000 nmethod 160 0x000000000f165d50 code [0x000000000f165fc0, 0x000000000f167068]
Event: 4.086 Thread 0x00000000073c8000  161   !   3       com.android.dx.cf.cst.ConstantPoolParser::parse0 (731 bytes)
Event: 4.088 Thread 0x0000000005dce000  169       4       java.util.concurrent.ConcurrentHashMap::setTabAt (19 bytes)
Event: 4.089 Thread 0x0000000005dce000 nmethod 169 0x000000000f16a590 code [0x000000000f16a6c0, 0x000000000f16a738]
Event: 4.089 Thread 0x0000000005dcb000  171       4       com.android.dx.util.ByteArray::checkOffsets (66 bytes)

GC Heap History (0 events):
No events

Deoptimization events (0 events):
No events

Internal exceptions (10 events):
Event: 4.078 Thread 0x000000000259e000 Exception <a 'java/security/PrivilegedActionException'> (0x00000000eaeb4740) thrown at [D:\re\workspace\8-2-build-windows-amd64-cygwin\jdk8u20\1074\hotspot\src\share\vm\prims\jvm.cpp, line 1275]
Event: 4.079 Thread 0x000000000259e000 Exception <a 'java/security/PrivilegedActionException'> (0x00000000eaeb7698) thrown at [D:\re\workspace\8-2-build-windows-amd64-cygwin\jdk8u20\1074\hotspot\src\share\vm\prims\jvm.cpp, line 1275]
Event: 4.080 Thread 0x000000000259e000 Exception <a 'java/security/PrivilegedActionException'> (0x00000000eaeba230) thrown at [D:\re\workspace\8-2-build-windows-amd64-cygwin\jdk8u20\1074\hotspot\src\share\vm\prims\jvm.cpp, line 1275]
Event: 4.082 Thread 0x000000000259e000 Exception <a 'java/security/PrivilegedActionException'> (0x00000000eaebe000) thrown at [D:\re\workspace\8-2-build-windows-amd64-cygwin\jdk8u20\1074\hotspot\src\share\vm\prims\jvm.cpp, line 1275]
Event: 4.082 Thread 0x0000000007538000 Exception <a 'java/security/PrivilegedActionException'> (0x00000000eaed9388) thrown at [D:\re\workspace\8-2-build-windows-amd64-cygwin\jdk8u20\1074\hotspot\src\share\vm\prims\jvm.cpp, line 1275]
Event: 4.083 Thread 0x0000000007538000 Exception <a 'java/security/PrivilegedActionException'> (0x00000000eaee4db0) thrown at [D:\re\workspace\8-2-build-windows-amd64-cygwin\jdk8u20\1074\hotspot\src\share\vm\prims\jvm.cpp, line 1275]
Event: 4.084 Thread 0x0000000007538000 Exception <a 'java/security/PrivilegedActionException'> (0x00000000eaee6e30) thrown at [D:\re\workspace\8-2-build-windows-amd64-cygwin\jdk8u20\1074\hotspot\src\share\vm\prims\jvm.cpp, line 1275]
Event: 4.086 Thread 0x000000000259e000 Exception <a 'java/security/PrivilegedActionException'> (0x00000000eaec92e0) thrown at [D:\re\workspace\8-2-build-windows-amd64-cygwin\jdk8u20\1074\hotspot\src\share\vm\prims\jvm.cpp, line 1275]
Event: 4.086 Thread 0x0000000007538000 Exception <a 'java/security/PrivilegedActionException'> (0x00000000eaee9a20) thrown at [D:\re\workspace\8-2-build-windows-amd64-cygwin\jdk8u20\1074\hotspot\src\share\vm\prims\jvm.cpp, line 1275]
Event: 4.087 Thread 0x0000000007538000 Exception <a 'java/security/PrivilegedActionException'> (0x00000000eaeec5d8) thrown at [D:\re\workspace\8-2-build-windows-amd64-cygwin\jdk8u20\1074\hotspot\src\share\vm\prims\jvm.cpp, line 1275]

Events (10 events):
Event: 4.083 loading class com/android/dx/dex/code/DalvCode$AssignIndicesCallback done
Event: 4.084 loading class com/android/dx/rop/cst/CstBoolean
Event: 4.084 loading class com/android/dx/rop/cst/CstBoolean done
Event: 4.086 loading class com/android/dx/cf/attrib/AttConstantValue
Event: 4.086 loading class com/android/dx/cf/attrib/AttConstantValue done
Event: 4.086 loading class com/android/dx/rop/cst/CstByte
Event: 4.086 loading class com/android/dx/rop/cst/CstByte done
Event: 4.087 loading class com/android/dx/rop/cst/CstChar
Event: 4.087 loading class com/android/dx/rop/cst/CstChar done
Event: 4.087 Thread 0x000000000754d800 Thread added: 0x000000000754d800


Dynamic libraries:
0x00007ff6b04e0000 - 0x00007ff6b0514000 	C:\Program Files\Java\jdk1.8.0_20\bin\java.exe
0x00007ffd11770000 - 0x00007ffd11931000 	C:\WINDOWS\SYSTEM32\ntdll.dll
0x00007ffd0ebc0000 - 0x00007ffd0ec6d000 	C:\WINDOWS\system32\KERNEL32.DLL
0x00007ffd0df80000 - 0x00007ffd0e168000 	C:\WINDOWS\system32\KERNELBASE.dll
0x00007ffd0f9d0000 - 0x00007ffd0fa77000 	C:\WINDOWS\system32\ADVAPI32.dll
0x00007ffd11670000 - 0x00007ffd1170d000 	C:\WINDOWS\system32\msvcrt.dll
0x00007ffd11710000 - 0x00007ffd1176b000 	C:\WINDOWS\system32\sechost.dll
0x00007ffd0f6c0000 - 0x00007ffd0f7dc000 	C:\WINDOWS\system32\RPCRT4.dll
0x00007ffd11510000 - 0x00007ffd11666000 	C:\WINDOWS\system32\USER32.dll
0x00007ffd0e9b0000 - 0x00007ffd0eb36000 	C:\WINDOWS\system32\GDI32.dll
0x00007ffd09120000 - 0x00007ffd09394000 	C:\WINDOWS\WinSxS\amd64_microsoft.windows.common-controls_6595b64144ccf1df_6.0.10586.0_none_8c15ae12515e1c22\COMCTL32.dll
0x00007ffd10ff0000 - 0x00007ffd1126d000 	C:\WINDOWS\system32\combase.dll
0x00007ffd0df00000 - 0x00007ffd0df6a000 	C:\WINDOWS\system32\bcryptPrimitives.dll
0x00007ffd0f680000 - 0x00007ffd0f6bb000 	C:\WINDOWS\system32\IMM32.DLL
0x00007ffd0da50000 - 0x00007ffd0da81000 	C:\Windows\system32\nvinitx.dll
0x00007ffd0da40000 - 0x00007ffd0da4a000 	C:\WINDOWS\SYSTEM32\VERSION.dll
0x000000000f000000 - 0x000000000f006000 	C:\Program Files\NVIDIA Corporation\CoProcManager\_etoured.dll
0x00007ffd0bcb0000 - 0x00007ffd0bce3000 	C:\Program Files\NVIDIA Corporation\CoProcManager\nvd3d9wrapx.dll
0x00007ffd0ec80000 - 0x00007ffd0f0a9000 	C:\WINDOWS\system32\SETUPAPI.dll
0x00007ffd0dbd0000 - 0x00007ffd0dc13000 	C:\WINDOWS\system32\CFGMGR32.dll
0x00007ffd0bad0000 - 0x00007ffd0baf2000 	C:\Program Files\NVIDIA Corporation\CoProcManager\nvdxgiwrapx.dll
0x0000000058c30000 - 0x0000000058d02000 	C:\Program Files\Java\jdk1.8.0_20\jre\bin\msvcr100.dll
0x0000000058fb0000 - 0x0000000059808000 	C:\Program Files\Java\jdk1.8.0_20\jre\bin\server\jvm.dll
0x00007ffd0e230000 - 0x00007ffd0e253000 	C:\WINDOWS\system32\WINMM.dll
0x00007ffd0db90000 - 0x00007ffd0dbbc000 	C:\WINDOWS\system32\WINMMBASE.dll
0x00007ffd10fe0000 - 0x00007ffd10fe8000 	C:\WINDOWS\system32\PSAPI.DLL
0x00007ffd01a50000 - 0x00007ffd01a59000 	C:\WINDOWS\SYSTEM32\WSOCK32.dll
0x00007ffd0f5f0000 - 0x00007ffd0f65b000 	C:\WINDOWS\system32\WS2_32.dll
0x0000000059920000 - 0x000000005992f000 	C:\Program Files\Java\jdk1.8.0_20\jre\bin\verify.dll
0x00000000598f0000 - 0x0000000059918000 	C:\Program Files\Java\jdk1.8.0_20\jre\bin\java.dll
0x00000000598d0000 - 0x00000000598e6000 	C:\Program Files\Java\jdk1.8.0_20\jre\bin\zip.dll
0x00007ffd0fa80000 - 0x00007ffd10fdf000 	C:\WINDOWS\system32\SHELL32.dll
0x00007ffd0e280000 - 0x00007ffd0e8c4000 	C:\WINDOWS\system32\windows.storage.dll
0x00007ffd0eb60000 - 0x00007ffd0ebb2000 	C:\WINDOWS\system32\shlwapi.dll
0x00007ffd0db80000 - 0x00007ffd0db8f000 	C:\WINDOWS\system32\kernel.appcore.dll
0x00007ffd0e170000 - 0x00007ffd0e225000 	C:\WINDOWS\system32\shcore.dll
0x00007ffd0e8d0000 - 0x00007ffd0e91b000 	C:\WINDOWS\system32\powrprof.dll
0x00007ffd0db60000 - 0x00007ffd0db74000 	C:\WINDOWS\system32\profapi.dll

VM Arguments:
jvm_args: -Djava.awt.headless=true -Xmx1024M -Dfile.encoding=GBK -Duser.country=CN -Duser.language=zh -Duser.variant 
java_command: com.android.dx.command.Main --dex --num-threads=4 --multi-dex --output F:\Develop\AndroidStudioProjects\PMA_2016_2_9_2\app\build\intermediates\transforms\dex\debug\folders\1000\5\slice_3_a81bece2a1a1634417a826d005f0f46d6ebe1b97 F:\Develop\AndroidStudioProjects\PMA_2016_2_9_2\app\build\intermediates\transforms\instantRunSlicer\debug\folders\1\5\slice_3
java_class_path (initial): E:\Android\sdk\build-tools\23.0.1\lib\dx.jar
Launcher Type: SUN_STANDARD

Environment Variables:
JAVA_HOME=C:\Program Files\Java\jdk1.8.0_20
PATH=C:\ProgramData\Oracle\Java\javapath;C:\Windows\system32;C:\Windows;C:\Windows\System32\Wbem;C:\Windows\System32\WindowsPowerShell\v1.0\;C:\Program Files\Intel\Intel(R) Management Engine Components\DAL;C:\Program Files\Intel\Intel(R) Management Engine Components\IPT;C:\Program Files (x86)\Intel\Intel(R) Management Engine Components\DAL;C:\Program Files (x86)\Intel\Intel(R) Management Engine Components\IPT;E:\Program Files\Calibre2\;E:\Program Files\MySQL\MySQL Server 5.5\bin;C:\Program Files\Java\jdk1.8.0_20\lib;C:\Program Files (x86)\NVIDIA Corporation\PhysX\Common;C:\WINDOWS\system32;C:\WINDOWS;C:\WINDOWS\System32\Wbem;C:\WINDOWS\System32\WindowsPowerShell\v1.0\;C:\Program Files (x86)\GtkSharp\2.12\bin;C:\Program Files (x86)\Microsoft SDKs\TypeScript\1.0\;C:\Program Files\Microsoft SQL Server\Client SDK\ODBC\110\Tools\Binn\;C:\Program Files (x86)\Microsoft SQL Server\120\Tools\Binn\;C:\Program Files\Microsoft SQL Server\120\Tools\Binn\;C:\Program Files\Microsoft SQL Server\120\DTS\Binn\;C:\Program Files (x86)\Microsoft SQL Server\120\Tools\Binn\ManagementStudio\;C:\Program Files (x86)\Microsoft SQL Server\120\DTS\Binn\;C:\Program Files (x86)\nodejs\;C:\Program Files (x86)\Windows Kits\10\Windows Performance Toolkit\;C:\Users\LoveLoliii\Downloads\ImageCreator2.608\;E:\Program Files\Bandizip\7z;C:\Users\LoveLoliii\AppData\Roaming\npm
USERNAME=LoveLoliii
OS=Windows_NT
PROCESSOR_IDENTIFIER=Intel64 Family 6 Model 42 Stepping 7, GenuineIntel



---------------  S Y S T E M  ---------------

OS: Windows 8.1 , 64 bit Build 9600 

CPU:total 4 (2 cores per cpu, 2 threads per core) family 6 model 42 stepping 7, cmov, cx8, fxsr, mmx, sse, sse2, sse3, ssse3, sse4.1, sse4.2, popcnt, avx, clmul, ht, tsc, tscinvbit

Memory: 4k page, physical 6065696k(859684k free), swap 6065696k(188k free)

vm_info: Java HotSpot(TM) 64-Bit Server VM (25.20-b23) for windows-amd64 JRE (1.8.0_20-b26), built on Jul 30 2014 13:51:23 by "java_re" with MS VC++ 10.0 (VS2010)

time: Wed Feb 10 16:48:38 2016
elapsed time: 4 seconds (0d 0h 0m 4s)

